<?xml version="1.0" encoding="UTF-8"?>
<!-- Generated by org.testng.reporters.JUnitXMLReporter -->
<testsuite hostname="Suhas-Gowda" ignored="0" name="Test" tests="2" failures="1" timestamp="28 Sep 2018 08:24:50 GMT" time="33.553" errors="0">
  <testcase name="testA" time="0.781" classname="script.TestDemo">
    <failure type="java.lang.AssertionError">
      <![CDATA[java.lang.AssertionError
at org.junit.Assert.fail(Assert.java:86)
at org.junit.Assert.fail(Assert.java:95)
at script.TestDemo.testA(TestDemo.java:22)
... Removed 25 stack frames]]>
    </failure>
  </testcase> <!-- testA -->
  <testcase name="testB" time="0.002" classname="script.TestDemo2"/>
</testsuite> <!-- Test -->
