<?xml version="1.0" encoding="UTF-8"?>
<testng-results skipped="0" failed="0" ignored="0" total="1" passed="1">
  <reporter-output>
    <line>
      <![CDATA[open Application]]>
    </line>
    <line>
      <![CDATA[testA]]>
    </line>
    <line>
      <![CDATA[Data:Username]]>
    </line>
    <line>
      <![CDATA[Row: 1]]>
    </line>
    <line>
      <![CDATA[Test Method: testA is PASSED & NO photo]]>
    </line>
  </reporter-output>
  <suite name="Default suite" duration-ms="51441" started-at="2018-10-01T05:51:48Z" finished-at="2018-10-01T05:52:39Z">
    <groups>
      <group name="smoke">
        <method signature="TestDemo.testA()[pri:1, instance:script.TestDemo@1e7c7811]" name="testA" class="script.TestDemo"/>
      </group> <!-- smoke -->
      <group name="login">
        <method signature="TestDemo.testA()[pri:1, instance:script.TestDemo@1e7c7811]" name="testA" class="script.TestDemo"/>
      </group> <!-- login -->
    </groups>
    <test name="Default test" duration-ms="51441" started-at="2018-10-01T05:51:48Z" finished-at="2018-10-01T05:52:39Z">
      <class name="script.TestDemo">
        <test-method status="PASS" signature="openApplication(java.lang.String, java.lang.String)[pri:0, instance:script.TestDemo@1e7c7811]" name="openApplication" is-config="true" duration-ms="36492" started-at="2018-10-01T05:51:48Z" finished-at="2018-10-01T05:52:24Z">
          <params>
            <param index="0">
              <value>
                <![CDATA[localhost]]>
              </value>
            </param>
            <param index="1">
              <value>
                <![CDATA[chrome]]>
              </value>
            </param>
          </params>
          <reporter-output>
            <line>
              <![CDATA[open Application]]>
            </line>
          </reporter-output>
        </test-method> <!-- openApplication -->
        <test-method status="PASS" signature="testA()[pri:1, instance:script.TestDemo@1e7c7811]" name="testA" duration-ms="14900" started-at="2018-10-01T05:52:24Z" finished-at="2018-10-01T05:52:39Z">
          <reporter-output>
            <line>
              <![CDATA[testA]]>
            </line>
            <line>
              <![CDATA[Data:Username]]>
            </line>
            <line>
              <![CDATA[Row: 1]]>
            </line>
          </reporter-output>
        </test-method> <!-- testA -->
        <test-method status="PASS" signature="closeApplication(org.testng.ITestResult)[pri:0, instance:script.TestDemo@1e7c7811]" name="closeApplication" is-config="true" duration-ms="1" started-at="2018-10-01T05:52:39Z" finished-at="2018-10-01T05:52:39Z">
          <params>
            <param index="0">
              <value>
                <![CDATA[[TestResult name=testA status=SUCCESS method=TestDemo.testA()[pri:1, instance:script.TestDemo@1e7c7811] output=testA]]]>
              </value>
            </param>
          </params>
          <reporter-output>
            <line>
              <![CDATA[Test Method: testA is PASSED & NO photo]]>
            </line>
          </reporter-output>
        </test-method> <!-- closeApplication -->
      </class> <!-- script.TestDemo -->
    </test> <!-- Default test -->
  </suite> <!-- Default suite -->
</testng-results>
